<?xml version="1.0" encoding="UTF-8"?>
<!-- Generated by org.testng.reporters.JUnitXMLReporter -->
<testsuite hostname="Lenovo" name="Default test" tests="4" failures="0" timestamp="12 Apr 2021 12:21:13 GMT" time="192.382" errors="0">
  <testcase name="toTestHomepage" time="0.168" classname="DBS_testCases.testCases"/>
  <testcase name="toClick_Card" time="31.472" classname="DBS_testCases.testCases"/>
  <testcase name="toCompare_creditcards" time="78.738" classname="DBS_testCases.testCases"/>
  <testcase name="toAssertCardDetails" time="0.258" classname="DBS_testCases.testCases"/>
</testsuite> <!-- Default test -->
