<?xml version="1.0" encoding="UTF-8"?>
<testng-results skipped="0" failed="0" total="4" passed="4">
  <reporter-output>
  </reporter-output>
  <suite name="Default suite" duration-ms="192382" started-at="2021-04-12T12:17:59Z" finished-at="2021-04-12T12:21:11Z">
    <groups>
    </groups>
    <test name="Default test" duration-ms="192382" started-at="2021-04-12T12:17:59Z" finished-at="2021-04-12T12:21:11Z">
      <class name="DBS_testCases.testCases">
        <test-method status="PASS" signature="setup()[pri:0, instance:DBS_testCases.testCases@2b98378d]" name="setup" is-config="true" duration-ms="58761" started-at="2021-04-12T20:17:59Z" finished-at="2021-04-12T20:18:57Z">
          <reporter-output>
          </reporter-output>
        </test-method> <!-- setup -->
        <test-method status="PASS" signature="toTestHomepage()[pri:0, instance:DBS_testCases.testCases@2b98378d]" name="toTestHomepage" duration-ms="168" started-at="2021-04-12T20:18:58Z" finished-at="2021-04-12T20:18:58Z">
          <reporter-output>
          </reporter-output>
        </test-method> <!-- toTestHomepage -->
        <test-method status="PASS" signature="toClick_Card()[pri:0, instance:DBS_testCases.testCases@2b98378d]" name="toClick_Card" duration-ms="31472" started-at="2021-04-12T20:18:58Z" finished-at="2021-04-12T20:19:29Z">
          <reporter-output>
          </reporter-output>
        </test-method> <!-- toClick_Card -->
        <test-method status="PASS" signature="toCompare_creditcards()[pri:0, instance:DBS_testCases.testCases@2b98378d]" name="toCompare_creditcards" duration-ms="78738" started-at="2021-04-12T20:19:42Z" finished-at="2021-04-12T20:21:00Z">
          <reporter-output>
          </reporter-output>
        </test-method> <!-- toCompare_creditcards -->
        <test-method status="PASS" signature="toAssertCardDetails()[pri:0, instance:DBS_testCases.testCases@2b98378d]" name="toAssertCardDetails" duration-ms="258" started-at="2021-04-12T20:21:00Z" finished-at="2021-04-12T20:21:01Z">
          <reporter-output>
          </reporter-output>
        </test-method> <!-- toAssertCardDetails -->
        <test-method status="PASS" signature="terminateBrowser()[pri:0, instance:DBS_testCases.testCases@2b98378d]" name="terminateBrowser" is-config="true" duration-ms="10451" started-at="2021-04-12T20:21:01Z" finished-at="2021-04-12T20:21:11Z">
          <reporter-output>
          </reporter-output>
        </test-method> <!-- terminateBrowser -->
      </class> <!-- DBS_testCases.testCases -->
    </test> <!-- Default test -->
  </suite> <!-- Default suite -->
</testng-results>
